Projects/Android/build/intermediates/manifest_merge_blame_file/release/processReleaseMainManifest/manifest-merger-blame-release-report.txt
1<?xml version="1.0" encoding="utf-8"?>
2<manifest xmlns:android="http://schemas.android.com/apk/res/android"
3    package="com.mohammadelahi.xrheadtrackerpro"
4    android:installLocation="auto"
5    android:versionCode="2"
6    android:versionName="1.0" >
7
8    <uses-sdk
9        android:minSdkVersion="29"
10        android:targetSdkVersion="32" />
11
12    <uses-feature
12-->Projects\Android\AndroidManifest.xml:9:2-109
13        android:name="android.hardware.vr.headtracking"
13-->Projects\Android\AndroidManifest.xml:9:16-63
14        android:required="true"
14-->Projects\Android\AndroidManifest.xml:9:84-107
15        android:version="1" />
15-->Projects\Android\AndroidManifest.xml:9:64-83
16
17    <uses-permission android:name="android.permission.INTERNET" />
17-->Projects\Android\AndroidManifest.xml:10:2-64
17-->Projects\Android\AndroidManifest.xml:10:19-61
18
19    <uses-feature android:name="com.oculus.software.body_tracking" />
19-->Projects\Android\AndroidManifest.xml:11:2-67
19-->Projects\Android\AndroidManifest.xml:11:16-64
20
21    <uses-permission android:name="com.oculus.permission.BODY_TRACKING" />
21-->Projects\Android\AndroidManifest.xml:12:2-72
21-->Projects\Android\AndroidManifest.xml:12:19-69
22
23    <uses-feature
23-->Projects\Android\AndroidManifest.xml:13:2-86
24        android:name="oculus.software.eye_tracking"
24-->Projects\Android\AndroidManifest.xml:13:16-59
25        android:required="true" />
25-->Projects\Android\AndroidManifest.xml:13:60-83
26
27    <uses-permission android:name="com.oculus.permission.EYE_TRACKING" />
27-->Projects\Android\AndroidManifest.xml:14:2-71
27-->Projects\Android\AndroidManifest.xml:14:19-68
28
29    <uses-feature
29-->Projects\Android\AndroidManifest.xml:15:2-87
30        android:name="oculus.software.face_tracking"
30-->Projects\Android\AndroidManifest.xml:15:16-60
31        android:required="true" />
31-->Projects\Android\AndroidManifest.xml:15:61-84
32
33    <uses-permission android:name="com.oculus.permission.FACE_TRACKING" />
33-->Projects\Android\AndroidManifest.xml:16:2-72
33-->Projects\Android\AndroidManifest.xml:16:19-69
34    <!-- Tell the system this app can handle audio-driven face tracking -->
35    <uses-permission android:name="android.permission.RECORD_AUDIO" />
35-->Projects\Android\AndroidManifest.xml:18:2-68
35-->Projects\Android\AndroidManifest.xml:18:19-65
36    <!-- Tell the system this app requires OpenGL ES 3.1. -->
37    <uses-feature
37-->Projects\Android\AndroidManifest.xml:20:2-75
38        android:glEsVersion="0x00030001"
38-->Projects\Android\AndroidManifest.xml:20:16-48
39        android:required="true" />
39-->Projects\Android\AndroidManifest.xml:20:49-72
40    <!-- Tell the system this app can handle tracked remotes and hands -->
41    <uses-feature
41-->Projects\Android\AndroidManifest.xml:22:2-87
42        android:name="oculus.software.handtracking"
42-->Projects\Android\AndroidManifest.xml:22:16-59
43        android:required="false" />
43-->Projects\Android\AndroidManifest.xml:22:60-84
44
45    <uses-permission android:name="com.oculus.permission.HAND_TRACKING" />
45-->Projects\Android\AndroidManifest.xml:23:2-72
45-->Projects\Android\AndroidManifest.xml:23:19-69
46
47    <uses-feature
47-->Projects\Android\AndroidManifest.xml:25:2-87
48        android:name="com.oculus.feature.PASSTHROUGH"
48-->Projects\Android\AndroidManifest.xml:25:16-61
49        android:required="true" />
49-->Projects\Android\AndroidManifest.xml:25:62-85
50
51    <uses-permission android:name="com.oculus.permission.USE_SCENE" />
51-->Projects\Android\AndroidManifest.xml:26:2-68
51-->Projects\Android\AndroidManifest.xml:26:19-65
52    <uses-permission android:name="com.oculus.permission.BOUNDARY_VISIBILITY" />
52-->Projects\Android\AndroidManifest.xml:27:2-78
52-->Projects\Android\AndroidManifest.xml:27:19-75
53    <uses-permission android:name="com.oculus.permission.USE_ANCHOR_API" />
53-->Projects\Android\AndroidManifest.xml:28:2-73
53-->Projects\Android\AndroidManifest.xml:28:19-70
54    <uses-permission android:name="com.oculus.permission.HMD_CONNECTION" />
54-->Projects\Android\AndroidManifest.xml:29:2-73
54-->Projects\Android\AndroidManifest.xml:29:19-70
55    <uses-permission android:name="com.oculus.permission.VR_CONNECTION" />
55-->Projects\Android\AndroidManifest.xml:30:2-72
55-->Projects\Android\AndroidManifest.xml:30:19-69
56    <uses-permission android:name="com.oculus.permission.VR_FEATURES" />
56-->Projects\Android\AndroidManifest.xml:31:2-70
56-->Projects\Android\AndroidManifest.xml:31:19-67
57    <uses-permission android:name="org.khronos.openxr.permission.OPENXR" />
57-->[org.khronos.openxr:openxr_loader_for_android:1.1.41] AndroidManifest.xml:13:3-74
57-->[org.khronos.openxr:openxr_loader_for_android:1.1.41] AndroidManifest.xml:13:20-71
58    <uses-permission android:name="org.khronos.openxr.permission.OPENXR_SYSTEM" />
58-->[org.khronos.openxr:openxr_loader_for_android:1.1.41] AndroidManifest.xml:14:3-81
58-->[org.khronos.openxr:openxr_loader_for_android:1.1.41] AndroidManifest.xml:14:20-78
59
60    <queries>
60-->[org.khronos.openxr:openxr_loader_for_android:1.1.41] AndroidManifest.xml:16:3-27:13
61
62        <!-- to talk to the broker -->
63        <provider android:authorities="org.khronos.openxr.runtime_broker;org.khronos.openxr.system_runtime_broker" />
63-->[org.khronos.openxr:openxr_loader_for_android:1.1.41] AndroidManifest.xml:18:5-114
63-->[org.khronos.openxr:openxr_loader_for_android:1.1.41] AndroidManifest.xml:18:15-111
64
65        <!-- so client-side code of runtime/layers can talk to their service sides -->
66        <intent>
66-->[org.khronos.openxr:openxr_loader_for_android:1.1.41] AndroidManifest.xml:21:5-23:14
67            <action android:name="org.khronos.openxr.OpenXRRuntimeService" />
67-->[org.khronos.openxr:openxr_loader_for_android:1.1.41] AndroidManifest.xml:22:7-72
67-->[org.khronos.openxr:openxr_loader_for_android:1.1.41] AndroidManifest.xml:22:15-69
68        </intent>
69        <intent>
69-->[org.khronos.openxr:openxr_loader_for_android:1.1.41] AndroidManifest.xml:24:5-26:14
70            <action android:name="org.khronos.openxr.OpenXRApiLayerService" />
70-->[org.khronos.openxr:openxr_loader_for_android:1.1.41] AndroidManifest.xml:25:7-73
70-->[org.khronos.openxr:openxr_loader_for_android:1.1.41] AndroidManifest.xml:25:15-70
71        </intent>
72    </queries>
73
74    <application
74-->Projects\Android\AndroidManifest.xml:34:2-76:16
75        android:allowBackup="true"
75-->Projects\Android\AndroidManifest.xml:35:3-29
76        android:extractNativeLibs="false"
77        android:icon="@mipmap/ic_launcher"
77-->Projects\Android\AndroidManifest.xml:37:3-37
78        android:label="@string/app_name"
78-->Projects\Android\AndroidManifest.xml:36:3-35
79        android:requestLegacyExternalStorage="true"
79-->Projects\Android\AndroidManifest.xml:40:3-46
80        android:roundIcon="@mipmap/ic_launcher_round"
80-->Projects\Android\AndroidManifest.xml:38:3-48
81        android:supportsRtl="true" >
81-->Projects\Android\AndroidManifest.xml:39:3-29
82        <meta-data
82-->Projects\Android\AndroidManifest.xml:42:3-45:6
83            android:name="com.oculus.supportedDevices"
83-->Projects\Android\AndroidManifest.xml:43:4-46
84            android:value="quest|quest2|questpro|quest3|quest3s" />
84-->Projects\Android\AndroidManifest.xml:44:4-56
85        <meta-data
85-->Projects\Android\AndroidManifest.xml:46:3-48:27
86            android:name="com.oculus.vr.focusaware"
86-->Projects\Android\AndroidManifest.xml:47:4-43
87            android:value="true" />
87-->Projects\Android\AndroidManifest.xml:48:4-24
88        <!--
89             launchMode is set to singleTask because there should never be multiple copies of the
90            app running
91        -->
92        <!--
93             Theme.Black.NoTitleBar.Fullscreen gives solid black instead of a (bad stereoscopic)
94            gradient on app transition
95        -->
96        <activity
96-->Projects\Android\AndroidManifest.xml:53:3-75:14
97            android:name="com.oculus.xrsamples.xrbodyfaceeyesocial.MainActivity"
97-->Projects\Android\AndroidManifest.xml:54:4-72
98            android:configChanges="screenSize|screenLayout|orientation|keyboardHidden|keyboard|navigation|uiMode"
98-->Projects\Android\AndroidManifest.xml:60:4-105
99            android:excludeFromRecents="false"
99-->Projects\Android\AndroidManifest.xml:59:4-38
100            android:exported="true"
100-->Projects\Android\AndroidManifest.xml:61:4-27
101            android:label="@string/app_name"
101-->Projects\Android\AndroidManifest.xml:56:4-36
102            android:launchMode="singleTask"
102-->Projects\Android\AndroidManifest.xml:57:4-35
103            android:screenOrientation="landscape"
103-->Projects\Android\AndroidManifest.xml:58:4-41
104            android:theme="@android:style/Theme.Black.NoTitleBar.Fullscreen" >
104-->Projects\Android\AndroidManifest.xml:55:4-68
105
106            <!-- Tell NativeActivity the name of the .so -->
107            <meta-data
107-->Projects\Android\AndroidManifest.xml:64:4-67:7
108                android:name="android.app.lib_name"
108-->Projects\Android\AndroidManifest.xml:65:5-40
109                android:value="xrbodyfaceeyesocial" />
109-->Projects\Android\AndroidManifest.xml:66:5-40
110            <!-- This filter lets the apk show up as a launchable icon -->
111            <intent-filter>
111-->Projects\Android\AndroidManifest.xml:69:4-74:20
112                <action android:name="android.intent.action.MAIN" />
112-->Projects\Android\AndroidManifest.xml:70:5-57
112-->Projects\Android\AndroidManifest.xml:70:13-54
113
114                <category android:name="org.khronos.openxr.intent.category.IMMERSIVE_HMD" />
114-->Projects\Android\AndroidManifest.xml:71:5-81
114-->Projects\Android\AndroidManifest.xml:71:15-78
115                <category android:name="android.intent.category.LAUNCHER" />
115-->Projects\Android\AndroidManifest.xml:72:5-65
115-->Projects\Android\AndroidManifest.xml:72:15-62
116                <category android:name="com.oculus.intent.category.*" />
116-->Projects\Android\AndroidManifest.xml:73:5-61
116-->Projects\Android\AndroidManifest.xml:73:15-58
117            </intent-filter>
118        </activity>
119    </application>
120
121</manifest>